[debug] [2026-03-29T19:52:45.572Z] ----------------------------------------------------------------------
[debug] [2026-03-29T19:52:45.577Z] Command:       /Users/maximilian/.nvm/versions/node/v24.11.0/bin/node /Users/maximilian/.nvm/versions/node/v24.11.0/bin/firebase deploy --only firestore:indexes
[debug] [2026-03-29T19:52:45.577Z] CLI Version:   15.12.0
[debug] [2026-03-29T19:52:45.577Z] Platform:      darwin
[debug] [2026-03-29T19:52:45.577Z] Node Version:  v24.11.0
[debug] [2026-03-29T19:52:45.577Z] Time:          Sun Mar 29 2026 21:52:45 GMT+0200 (Central European Summer Time)
[debug] [2026-03-29T19:52:45.578Z] ----------------------------------------------------------------------
[debug] 
[debug] [2026-03-29T19:52:47.993Z] > command requires scopes: ["email","openid","https://www.googleapis.com/auth/cloudplatformprojects.readonly","https://www.googleapis.com/auth/firebase","https://www.googleapis.com/auth/cloud-platform"]
[debug] [2026-03-29T19:52:47.994Z] > authorizing via signed-in user (finex.servicebot@gmail.com)
[debug] [2026-03-29T19:52:47.994Z] [iam] checking project abi-planer-75319 for permissions ["datastore.indexes.create","datastore.indexes.delete","datastore.indexes.list","datastore.indexes.update","firebase.projects.get"]
[debug] [2026-03-29T19:52:47.995Z] Checked if tokens are valid: true, expires at: 1774815050608
[debug] [2026-03-29T19:52:47.995Z] Checked if tokens are valid: true, expires at: 1774815050608
[debug] [2026-03-29T19:52:47.997Z] >>> [apiv2][query] POST https://cloudresourcemanager.googleapis.com/v1/projects/abi-planer-75319:testIamPermissions [none]
[debug] [2026-03-29T19:52:47.997Z] >>> [apiv2][(partial)header] POST https://cloudresourcemanager.googleapis.com/v1/projects/abi-planer-75319:testIamPermissions  x-goog-user-project=abi-planer-75319
[debug] [2026-03-29T19:52:47.997Z] >>> [apiv2][body] POST https://cloudresourcemanager.googleapis.com/v1/projects/abi-planer-75319:testIamPermissions {"permissions":["datastore.indexes.create","datastore.indexes.delete","datastore.indexes.list","datastore.indexes.update","firebase.projects.get"]}
[debug] [2026-03-29T19:52:48.316Z] <<< [apiv2][status] POST https://cloudresourcemanager.googleapis.com/v1/projects/abi-planer-75319:testIamPermissions 200
[debug] [2026-03-29T19:52:48.316Z] <<< [apiv2][body] POST https://cloudresourcemanager.googleapis.com/v1/projects/abi-planer-75319:testIamPermissions {"permissions":["datastore.indexes.create","datastore.indexes.delete","datastore.indexes.list","datastore.indexes.update","firebase.projects.get"]}
[info] 
[info] === Deploying to 'abi-planer-75319'...
[info] 
[info] i  deploying firestore 
[info] i  firestore: ensuring required API firestore.googleapis.com is enabled... 
[info] i  firestore: ensuring required API firestore.googleapis.com is enabled... 
[info] i  firestore: deploying indexes... 
[debug] [2026-03-29T19:52:48.419Z] TypeError: Cannot read properties of undefined (reading 'map')
    at deployIndexes (/Users/maximilian/.nvm/versions/node/v24.11.0/lib/node_modules/firebase-tools/lib/deploy/firestore/deploy.js:24:38)
    at default_1 (/Users/maximilian/.nvm/versions/node/v24.11.0/lib/node_modules/firebase-tools/lib/deploy/firestore/deploy.js:51:11)
    at process.processTicksAndRejections (node:internal/process/task_queues:105:5)
    at async chain (/Users/maximilian/.nvm/versions/node/v24.11.0/lib/node_modules/firebase-tools/lib/deploy/index.js:45:9)
    at async deploy (/Users/maximilian/.nvm/versions/node/v24.11.0/lib/node_modules/firebase-tools/lib/deploy/index.js:126:9)
[error] 
[error] Error: An unexpected error has occurred.
